Using pre-set license
Built from '2020.3/staging' branch; Version is '2020.3.16f1 (049d6eca3c44) revision 302446'; Using compiler version '192528614'; Build Type 'Release'
OS: 'Windows 10 Home; OS build 22000.168; Version 2009; 64bit' Language: 'en' Physical Memory: 11712 MB
BatchMode: 1, IsHumanControllingUs: 0, StartBugReporterOnCrash: 0, Is64bit: 1, IsPro: 0

 COMMAND LINE ARGUMENTS:
C:\Program Files\Unity\Hub\Editor\2020.3.16f1\Editor\Unity.exe
-adb2
-batchMode
-noUpm
-name
AssetImportWorker0
-projectPath
F:/Bintang/Brawijaya/Agate/Course Project/Incremental_Game
-logFile
Logs/AssetImportWorker0.log
-srvPort
65306
Successfully changed project path to: F:/Bintang/Brawijaya/Agate/Course Project/Incremental_Game
F:/Bintang/Brawijaya/Agate/Course Project/Incremental_Game
Using Asset Import Pipeline V2.
Refreshing native plugins compatible for Editor in 60.62 ms, found 3 plugins.
Preloading 0 native plugins for Editor in 0.00 ms.
Initialize engine version: 2020.3.16f1 (049d6eca3c44)
[Subsystems] Discovering subsystems at path C:/Program Files/Unity/Hub/Editor/2020.3.16f1/Editor/Data/Resources/UnitySubsystems
[Subsystems] Discovering subsystems at path F:/Bintang/Brawijaya/Agate/Course Project/Incremental_Game/Assets
GfxDevice: creating device client; threaded=0
Direct3D:
    Version:  Direct3D 11.0 [level 11.1]
    Renderer: NVIDIA GeForce GTX 1650 (ID=0x1f91)
    Vendor:   
    VRAM:     3962 MB
    Driver:   30.0.14.7168
Initialize mono
Mono path[0] = 'C:/Program Files/Unity/Hub/Editor/2020.3.16f1/Editor/Data/Managed'
Mono path[1] = 'C:/Program Files/Unity/Hub/Editor/2020.3.16f1/Editor/Data/MonoBleedingEdge/lib/mono/unityjit'
Mono config path = 'C:/Program Files/Unity/Hub/Editor/2020.3.16f1/Editor/Data/MonoBleedingEdge/etc'
Using monoOptions --debugger-agent=transport=dt_socket,embedding=1,server=y,suspend=n,address=127.0.0.1:56852
Begin MonoManager ReloadAssembly
Registering precompiled unity dll's ...
Register platform support module: C:/Program Files/Unity/Hub/Editor/2020.3.16f1/Editor/Data/PlaybackEngines/WindowsStandaloneSupport/UnityEditor.WindowsStandalone.Extensions.dll
Registered in 0.003249 seconds.
Native extension for WindowsStandalone target not found
Refreshing native plugins compatible for Editor in 55.53 ms, found 3 plugins.
Preloading 0 native plugins for Editor in 0.00 ms.
Mono: successfully reloaded assembly
- Completed reload, in  2.966 seconds
Domain Reload Profiling:
	ReloadAssembly (2966ms)
		BeginReloadAssembly (79ms)
			ExecutionOrderSort (0ms)
			DisableScriptedObjects (0ms)
			BackupInstance (0ms)
			ReleaseScriptingObjects (0ms)
			CreateAndSetChildDomain (1ms)
		EndReloadAssembly (534ms)
			LoadAssemblies (76ms)
			RebuildTransferFunctionScriptingTraits (0ms)
			SetupTypeCache (187ms)
			ReleaseScriptCaches (0ms)
			RebuildScriptCaches (37ms)
			SetupLoadedEditorAssemblies (218ms)
				LogAssemblyErrors (0ms)
				InitializePlatformSupportModulesInManaged (6ms)
				SetLoadedEditorAssemblies (0ms)
				RefreshPlugins (56ms)
				BeforeProcessingInitializeOnLoad (23ms)
				ProcessInitializeOnLoadAttributes (97ms)
				ProcessInitializeOnLoadMethodAttributes (35ms)
				AfterProcessingInitializeOnLoad (0ms)
				EditorAssembliesLoaded (0ms)
			ExecutionOrderSort2 (0ms)
			AwakeInstancesAfterBackupRestoration (0ms)
Platform modules already initialized, skipping
Registering precompiled user dll's ...
Registered in 0.004054 seconds.
Begin MonoManager ReloadAssembly
Native extension for WindowsStandalone target not found
Refreshing native plugins compatible for Editor in 51.07 ms, found 3 plugins.
Preloading 0 native plugins for Editor in 0.00 ms.
Mono: successfully reloaded assembly
- Completed reload, in  1.661 seconds
Domain Reload Profiling:
	ReloadAssembly (1662ms)
		BeginReloadAssembly (244ms)
			ExecutionOrderSort (0ms)
			DisableScriptedObjects (8ms)
			BackupInstance (0ms)
			ReleaseScriptingObjects (0ms)
			CreateAndSetChildDomain (27ms)
		EndReloadAssembly (1321ms)
			LoadAssemblies (143ms)
			RebuildTransferFunctionScriptingTraits (0ms)
			SetupTypeCache (369ms)
			ReleaseScriptCaches (1ms)
			RebuildScriptCaches (57ms)
			SetupLoadedEditorAssemblies (613ms)
				LogAssemblyErrors (0ms)
				InitializePlatformSupportModulesInManaged (5ms)
				SetLoadedEditorAssemblies (0ms)
				RefreshPlugins (51ms)
				BeforeProcessingInitializeOnLoad (103ms)
				ProcessInitializeOnLoadAttributes (422ms)
				ProcessInitializeOnLoadMethodAttributes (20ms)
				AfterProcessingInitializeOnLoad (12ms)
				EditorAssembliesLoaded (0ms)
			ExecutionOrderSort2 (0ms)
			AwakeInstancesAfterBackupRestoration (8ms)
Platform modules already initialized, skipping
========================================================================
Worker process is ready to serve import requests
Launched and connected shader compiler UnityShaderCompiler.exe after 0.10 seconds
Refreshing native plugins compatible for Editor in 0.69 ms, found 3 plugins.
Preloading 0 native plugins for Editor in 0.00 ms.
Unloading 2091 Unused Serialized files (Serialized files now loaded: 0)
System memory in use before: 93.0 MB.
System memory in use after: 93.1 MB.

Unloading 28 unused Assets to reduce memory usage. Loaded Objects now: 2528.
Total: 4.354900 ms (FindLiveObjects: 0.277900 ms CreateObjectMapping: 0.060600 ms MarkObjects: 3.914900 ms  DeleteObjects: 0.099100 ms)

AssetImportParameters requested are different than current active one (requested -> active):
  custom:framework-win-MediaFoundation: 216162199b28c13a410421893ffa2e32 -> 
  custom:video-decoder-ogg-theora: a1e56fd34408186e4bbccfd4996cb3dc -> 
  custom:container-muxer-webm: aa71ff27fc2769a1b78a27578f13a17b -> 
  custom:container-demuxer-webm: 4f35f7cbe854078d1ac9338744f61a02 -> 
  custom:container-demuxer-ogg: 62fdf1f143b41e24485cea50d1cbac27 -> 
  custom:video-encoder-webm-vp8: eb34c28f22e8b96e1ab97ce403110664 -> 
  custom:video-codec-MediaFoundation-h265: 746d11721c4dcdbdad8f713fa42b33f4 -> 
  custom:video-decoder-webm-vp8: 9c59270c3fd7afecdb556c50c9e8de78 -> 
  custom:audio-decoder-ogg-vorbis: bf7c407c2cedff20999df2af8eb42d56 -> 
  custom:audio-encoder-webm-vorbis: bf7c407c2cedff20999df2af8eb42d56 -> 
========================================================================
Received Import Request.
  path: Assets/Game/BundledAssets/Sprites/Object/coin.png
  artifactKey: Guid(7bda9071369b7984cbd3d59c4a2b5d28) Importer(815301076,1909f56bfc062723c751e8b465ee728b)
Start importing Assets/Game/BundledAssets/Sprites/Object/coin.png using Guid(7bda9071369b7984cbd3d59c4a2b5d28) Importer(815301076,1909f56bfc062723c751e8b465ee728b)  -> (artifact id: 'bd8da8ddd83a7115431e1440f2b1c62b') in 0.140523 seconds 
  Import took 0.162108 seconds .

========================================================================
Received Import Request.
  Time since last request: 1.165398 seconds.
  path: Assets/Game/BundledAssets/Sprites/Shapes
  artifactKey: Guid(ef4e38506cf7e164180d018aabe159c3) Importer(815301076,1909f56bfc062723c751e8b465ee728b)
Start importing Assets/Game/BundledAssets/Sprites/Shapes using Guid(ef4e38506cf7e164180d018aabe159c3) Importer(815301076,1909f56bfc062723c751e8b465ee728b)  -> (artifact id: '0c561001263f99d0b212946036ed9810') in 0.011914 seconds 
  Import took 0.016768 seconds .

========================================================================
Received Import Request.
  Time since last request: 16.258968 seconds.
  path: Assets/Game/BundledAssets/Sprites/Shapes/bar_green.png
  artifactKey: Guid(45b79d16cc6d24a499c1f82ae8f29ee8) Importer(815301076,1909f56bfc062723c751e8b465ee728b)
Start importing Assets/Game/BundledAssets/Sprites/Shapes/bar_green.png using Guid(45b79d16cc6d24a499c1f82ae8f29ee8) Importer(815301076,1909f56bfc062723c751e8b465ee728b)  -> (artifact id: 'dd9ed02aececfa51029071f987d31b94') in 0.031758 seconds 
  Import took 0.036740 seconds .

========================================================================
Received Import Request.
  Time since last request: 0.000463 seconds.
  path: Assets/Game/BundledAssets/Sprites/Shapes/panel_white.png
  artifactKey: Guid(618f4e513d4c5be4fb7c92a07f8057be) Importer(815301076,1909f56bfc062723c751e8b465ee728b)
Start importing Assets/Game/BundledAssets/Sprites/Shapes/panel_white.png using Guid(618f4e513d4c5be4fb7c92a07f8057be) Importer(815301076,1909f56bfc062723c751e8b465ee728b)  -> (artifact id: 'd8e651f1cbfe207d81d73fedaa85bebc') in 0.038778 seconds 
  Import took 0.066802 seconds .

========================================================================
Received Import Request.
  Time since last request: 0.000598 seconds.
  path: Assets/Game/BundledAssets/Sprites/Shapes/bar_yellow.png
  artifactKey: Guid(f7b55ff63ef5b494e9b8f3d0aa8bf9f7) Importer(815301076,1909f56bfc062723c751e8b465ee728b)
Start importing Assets/Game/BundledAssets/Sprites/Shapes/bar_yellow.png using Guid(f7b55ff63ef5b494e9b8f3d0aa8bf9f7) Importer(815301076,1909f56bfc062723c751e8b465ee728b)  -> (artifact id: '78d29a6dd53001d23354ff6306a87348') in 0.036713 seconds 
  Import took 0.049448 seconds .

========================================================================
Received Import Request.
  Time since last request: 0.000441 seconds.
  path: Assets/Game/BundledAssets/Sprites/Shapes/bar_white.png
  artifactKey: Guid(0a61b623d2b969043a0b9357feaec1cf) Importer(815301076,1909f56bfc062723c751e8b465ee728b)
Start importing Assets/Game/BundledAssets/Sprites/Shapes/bar_white.png using Guid(0a61b623d2b969043a0b9357feaec1cf) Importer(815301076,1909f56bfc062723c751e8b465ee728b)  -> (artifact id: '7ef1be7d82e5f2f340778d15f9629d02') in 0.035836 seconds 
  Import took 0.042482 seconds .

========================================================================
Received Import Request.
  Time since last request: 0.006868 seconds.
  path: Assets/Game/BundledAssets/Sprites/Shapes/bar_white.png
  artifactKey: Guid(0a61b623d2b969043a0b9357feaec1cf) Importer(815301076,1909f56bfc062723c751e8b465ee728b)
Start importing Assets/Game/BundledAssets/Sprites/Shapes/bar_white.png using Guid(0a61b623d2b969043a0b9357feaec1cf) Importer(815301076,1909f56bfc062723c751e8b465ee728b)  -> (artifact id: '7ef1be7d82e5f2f340778d15f9629d02') in 0.026407 seconds 
  Import took 0.034531 seconds .

========================================================================
Received Import Request.
  Time since last request: 113.939854 seconds.
  path: Assets/Game/BundledAssets/Sprites/Shapes/panel_white.png
  artifactKey: Guid(618f4e513d4c5be4fb7c92a07f8057be) Importer(815301076,1909f56bfc062723c751e8b465ee728b)
Start importing Assets/Game/BundledAssets/Sprites/Shapes/panel_white.png using Guid(618f4e513d4c5be4fb7c92a07f8057be) Importer(815301076,1909f56bfc062723c751e8b465ee728b)  -> (artifact id: '00f03b2ece469d6680b3ed8990571401') in 0.020457 seconds 
  Import took 0.024719 seconds .

========================================================================
Received Import Request.
  Time since last request: 25.372350 seconds.
  path: Assets/Game/BundledAssets/Sprites/Shapes/bar_yellow.png
  artifactKey: Guid(f7b55ff63ef5b494e9b8f3d0aa8bf9f7) Importer(815301076,1909f56bfc062723c751e8b465ee728b)
Start importing Assets/Game/BundledAssets/Sprites/Shapes/bar_yellow.png using Guid(f7b55ff63ef5b494e9b8f3d0aa8bf9f7) Importer(815301076,1909f56bfc062723c751e8b465ee728b)  -> (artifact id: '924e233fc9ec8c38c977c21e3282a0f3') in 0.021005 seconds 
  Import took 0.027388 seconds .

========================================================================
Received Import Request.
  Time since last request: 15.962980 seconds.
  path: Assets/Game/BundledAssets/Sprites/Shapes/bar_white.png
  artifactKey: Guid(0a61b623d2b969043a0b9357feaec1cf) Importer(815301076,1909f56bfc062723c751e8b465ee728b)
Start importing Assets/Game/BundledAssets/Sprites/Shapes/bar_white.png using Guid(0a61b623d2b969043a0b9357feaec1cf) Importer(815301076,1909f56bfc062723c751e8b465ee728b)  -> (artifact id: '01c127680e0b4cba3874566f818b9e9a') in 0.023493 seconds 
  Import took 0.027886 seconds .

========================================================================
Received Import Request.
  Time since last request: 23.746573 seconds.
  path: Assets/Game/BundledAssets/Sprites/Shapes/bar_green.png
  artifactKey: Guid(45b79d16cc6d24a499c1f82ae8f29ee8) Importer(815301076,1909f56bfc062723c751e8b465ee728b)
Start importing Assets/Game/BundledAssets/Sprites/Shapes/bar_green.png using Guid(45b79d16cc6d24a499c1f82ae8f29ee8) Importer(815301076,1909f56bfc062723c751e8b465ee728b)  -> (artifact id: 'b0732f3777c050bf4726a8ea1d6805d1') in 0.030625 seconds 
  Import took 0.038009 seconds .

AssetImportWorkerClient::OnTransportError - code=2 error=End of file
